Build started 5/31/2013 9:25:22 PM.
     1>Project "C:\Users\Austin\Documents\GitHub\SpaceGame\SpaceGame\SpaceGame.vcxproj" on node 2 (Build target(s)).
     1>ClCompile:
         C:\Program Files (x86)\Microsoft Visual Studio 11.0\VC\bin\CL.exe /c /I"C:\Users\Austin\Documents\GitHub\SpaceGame\\OpenMesh-2.3.1\src" /Zi /nologo /W3 /WX- /O2 /Oi /Oy- /GL /D _USE_MATH_DEFINES /D WIN32 /D _RELEASE /D _CRT_SECURE_NO_DEPRECATE /D _MBCS /Gm- /EHsc /MD /GS /Gy /fp:precise /Zc:wchar_t /Zc:forScope /Fo"Release\\" /Fd"Release\vc110.pdb" /Gd /TP /analyze- /errorReport:prompt Controller.cpp GameState.cpp Sound.cpp
         Controller.cpp
     1>c:\users\austin\documents\github\spacegame\spacegame\GameState.h(97): warning C4305: 'argument' : truncation from 'double' to 'const float'
     1>c:\users\austin\documents\github\spacegame\spacegame\GameState.h(98): warning C4305: 'argument' : truncation from 'double' to 'const float'
     1>Controller.cpp(39): warning C4244: 'initializing' : conversion from 'double' to 'int', possible loss of data
     1>Controller.cpp(40): warning C4244: 'initializing' : conversion from 'double' to 'int', possible loss of data
     1>Controller.cpp(45): warning C4244: 'argument' : conversion from 'double' to 'int', possible loss of data
         GameState.cpp
     1>c:\users\austin\documents\github\spacegame\spacegame\GameState.h(97): warning C4305: 'argument' : truncation from 'double' to 'const float'
     1>c:\users\austin\documents\github\spacegame\spacegame\GameState.h(98): warning C4305: 'argument' : truncation from 'double' to 'const float'
     1>GameState.cpp(70): warning C4244: 'argument' : conversion from 'double' to 'const float', possible loss of data
     1>GameState.cpp(86): warning C4244: 'argument' : conversion from 'double' to 'const float', possible loss of data
         Sound.cpp
     1>c:\users\austin\documents\github\spacegame\spacegame\Sound.h(8): fatal error C1083: Cannot open include file: 'SDL_mixer.h': No such file or directory
     1>Done Building Project "C:\Users\Austin\Documents\GitHub\SpaceGame\SpaceGame\SpaceGame.vcxproj" (Build target(s)) -- FAILED.

Build FAILED.

Time Elapsed 00:00:05.45
